<?xml version="1.0" encoding="UTF-8"?>
<testsuite xmlns:xsi="http://www.w3.org/2001/XMLSchema-instance" xsi:noNamespaceSchemaLocation="https://maven.apache.org/surefire/maven-surefire-plugin/xsd/surefire-test-report.xsd" name="com.spring.miniProject.SpringMiniProject.ServiceImplTest" time="0.002" tests="2" errors="2" skipped="0" failures="0">
  <properties>
[...]
</properties>
  <testcase name="Test1" classname="com.spring.miniProject.SpringMiniProject.ServiceImplTest" time="0.002">
    <error message="Cannot invoke &quot;com.spring.miniProject.SpringMiniProject.service.Service.saveProduct(com.spring.miniProject.SpringMiniProject.model.Product)&quot; because &quot;this.serviceTest&quot; is null" type="java.lang.NullPointerException">java.lang.NullPointerException: Cannot invoke "com.spring.miniProject.SpringMiniProject.service.Service.saveProduct(com.spring.miniProject.SpringMiniProject.model.Product)" because "this.serviceTest" is null
	at com.spring.miniProject.SpringMiniProject.ServiceImplTest.Test1(ServiceImplTest.java:24)
</error>
  </testcase>
  <testcase name="Test2" classname="com.spring.miniProject.SpringMiniProject.ServiceImplTest" time="0">
    <error message="Cannot invoke &quot;com.spring.miniProject.SpringMiniProject.service.Service.getAllProducts()&quot; because &quot;this.serviceTest&quot; is null" type="java.lang.NullPointerException">java.lang.NullPointerException: Cannot invoke "com.spring.miniProject.SpringMiniProject.service.Service.getAllProducts()" because "this.serviceTest" is null
	at com.spring.miniProject.SpringMiniProject.ServiceImplTest.Test2(ServiceImplTest.java:34)
</error>
  </testcase>
</testsuite>